# JRE version: OpenJDK Runtime Environment (21.0.8) (build 21.0.8+-14196175-b1038.72)
# Java VM: OpenJDK 64-Bit Server VM (21.0.8+-14196175-b1038.72, mixed mode, tiered, compressed oops, compressed class ptrs, g1 gc, windows-amd64)
GC Precious Log:
 CardTable entry size: 512
 Card Set container configuration: InlinePtr #cards 4 size 8 Array Of Cards #cards 16 size 48 Howl #buckets 8 coarsen threshold 3686 Howl Bitmap #cards 512 size 80 coarsen threshold 460 Card regions per heap region 1 cards per card region 4096
 CPUs: 12 total, 12 available
 Memory: 31913M
 Large Page Support: Disabled
 NUMA Support: Disabled
 Compressed Oops: Enabled (Zero based)
 Heap Region Size: 2M
 Heap Min Capacity: 8M
 Heap Initial Capacity: 500M
 Heap Max Capacity: 4G
 Pre-touch: Disabled
 Parallel Workers: 10
 Concurrent Workers: 3
 Concurrent Refinement Workers: 10
 Periodic GC: Disabled
Heap:
 garbage-first heap   total 161792K, used 131130K [0x0000000700000000, 0x0000000800000000)
  region size 2048K, 29 young (59392K), 5 survivors (10240K)
 Metaspace       used 94576K, committed 96640K, reserved 1179648K
  class space    used 13977K, committed 14976K, reserved 1048576K
GC Heap History (20 events):
Event: 2.103 GC heap before
{Heap before GC invocations=10 (full 0):
 garbage-first heap   total 75776K, used 58148K [0x0000000700000000, 0x0000000800000000)
  region size 2048K, 18 young (36864K), 3 survivors (6144K)
 Metaspace       used 44448K, committed 45312K, reserved 1114112K
  class space    used 6080K, committed 6464K, reserved 1048576K
}
Event: 2.105 GC heap after
{Heap after GC invocations=11 (full 0):
 garbage-first heap   total 75776K, used 32594K [0x0000000700000000, 0x0000000800000000)
  region size 2048K, 3 young (6144K), 3 survivors (6144K)
 Metaspace       used 44448K, committed 45312K, reserved 1114112K
  class space    used 6080K, committed 6464K, reserved 1048576K
}
Event: 2.278 GC heap before
{Heap before GC invocations=11 (full 0):
 garbage-first heap   total 75776K, used 65362K [0x0000000700000000, 0x0000000800000000)
  region size 2048K, 18 young (36864K), 3 survivors (6144K)
 Metaspace       used 48306K, committed 49344K, reserved 1114112K
  class space    used 6562K, committed 7040K, reserved 1048576K
}
Event: 2.280 GC heap after
{Heap after GC invocations=12 (full 0):
 garbage-first heap   total 77824K, used 34810K [0x0000000700000000, 0x0000000800000000)
  region size 2048K, 3 young (6144K), 3 survivors (6144K)
 Metaspace       used 48306K, committed 49344K, reserved 1114112K
  class space    used 6562K, committed 7040K, reserved 1048576K
}
Event: 2.400 GC heap before
{Heap before GC invocations=12 (full 0):
 garbage-first heap   total 77824K, used 63482K [0x0000000700000000, 0x0000000800000000)
  region size 2048K, 17 young (34816K), 3 survivors (6144K)
 Metaspace       used 51835K, committed 53248K, reserved 1114112K
  class space    used 7168K, committed 7872K, reserved 1048576K
}
Event: 2.402 GC heap after
{Heap after GC invocations=13 (full 0):
 garbage-first heap   total 294912K, used 36568K [0x0000000700000000, 0x0000000800000000)
  region size 2048K, 3 young (6144K), 3 survivors (6144K)
 Metaspace       used 51835K, committed 53248K, reserved 1114112K
  class space    used 7168K, committed 7872K, reserved 1048576K
}
Event: 3.008 GC heap before
{Heap before GC invocations=13 (full 0):
 garbage-first heap   total 294912K, used 126680K [0x0000000700000000, 0x0000000800000000)
  region size 2048K, 48 young (98304K), 3 survivors (6144K)
 Metaspace       used 58824K, committed 60288K, reserved 1114112K
  class space    used 8176K, committed 8896K, reserved 1048576K
}
Event: 3.011 GC heap after
{Heap after GC invocations=14 (full 0):
 garbage-first heap   total 294912K, used 45340K [0x0000000700000000, 0x0000000800000000)
  region size 2048K, 6 young (12288K), 6 survivors (12288K)
 Metaspace       used 58824K, committed 60288K, reserved 1114112K
  class space    used 8176K, committed 8896K, reserved 1048576K
}
Event: 3.531 GC heap before
{Heap before GC invocations=15 (full 0):
 garbage-first heap   total 157696K, used 127260K [0x0000000700000000, 0x0000000800000000)
  region size 2048K, 46 young (94208K), 6 survivors (12288K)
 Metaspace       used 68140K, committed 69760K, reserved 1114112K
  class space    used 9583K, committed 10368K, reserved 1048576K
}
Event: 3.534 GC heap after
{Heap after GC invocations=16 (full 0):
 garbage-first heap   total 157696K, used 50027K [0x0000000700000000, 0x0000000800000000)
  region size 2048K, 4 young (8192K), 4 survivors (8192K)
 Metaspace       used 68140K, committed 69760K, reserved 1114112K
  class space    used 9583K, committed 10368K, reserved 1048576K
}
Event: 3.907 GC heap before
{Heap before GC invocations=16 (full 0):
 garbage-first heap   total 157696K, used 131947K [0x0000000700000000, 0x0000000800000000)
  region size 2048K, 44 young (90112K), 4 survivors (8192K)
 Metaspace       used 73829K, committed 75648K, reserved 1114112K
  class space    used 10528K, committed 11392K, reserved 1048576K
}
Event: 3.910 GC heap after
{Heap after GC invocations=17 (full 0):
 garbage-first heap   total 157696K, used 53253K [0x0000000700000000, 0x0000000800000000)
  region size 2048K, 5 young (10240K), 5 survivors (10240K)
 Metaspace       used 73829K, committed 75648K, reserved 1114112K
  class space    used 10528K, committed 11392K, reserved 1048576K
}
Event: 4.677 GC heap before
{Heap before GC invocations=17 (full 0):
 garbage-first heap   total 157696K, used 143365K [0x0000000700000000, 0x0000000800000000)
  region size 2048K, 45 young (92160K), 5 survivors (10240K)
 Metaspace       used 79570K, committed 81472K, reserved 1179648K
  class space    used 11328K, committed 12288K, reserved 1048576K
}
Event: 4.680 GC heap after
{Heap after GC invocations=18 (full 0):
 garbage-first heap   total 161792K, used 69297K [0x0000000700000000, 0x0000000800000000)
  region size 2048K, 6 young (12288K), 6 survivors (12288K)
 Metaspace       used 79570K, committed 81472K, reserved 1179648K
  class space    used 11328K, committed 12288K, reserved 1048576K
}
Event: 5.086 GC heap before
{Heap before GC invocations=18 (full 0):
 garbage-first heap   total 161792K, used 120497K [0x0000000700000000, 0x0000000800000000)
  region size 2048K, 32 young (65536K), 6 survivors (12288K)
 Metaspace       used 83071K, committed 84928K, reserved 1179648K
  class space    used 11822K, committed 12736K, reserved 1048576K
}
Event: 5.088 GC heap after
{Heap after GC invocations=19 (full 0):
 garbage-first heap   total 161792K, used 71809K [0x0000000700000000, 0x0000000800000000)
  region size 2048K, 2 young (4096K), 2 survivors (4096K)
 Metaspace       used 83071K, committed 84928K, reserved 1179648K
  class space    used 11822K, committed 12736K, reserved 1048576K
}
Event: 5.593 GC heap before
{Heap before GC invocations=20 (full 0):
 garbage-first heap   total 161792K, used 145537K [0x0000000700000000, 0x0000000800000000)
  region size 2048K, 36 young (73728K), 2 survivors (4096K)
 Metaspace       used 89461K, committed 91392K, reserved 1179648K
  class space    used 13172K, committed 14080K, reserved 1048576K
}
Event: 5.595 GC heap after
{Heap after GC invocations=21 (full 0):
 garbage-first heap   total 161792K, used 79113K [0x0000000700000000, 0x0000000800000000)
  region size 2048K, 4 young (8192K), 4 survivors (8192K)
 Metaspace       used 89461K, committed 91392K, reserved 1179648K
  class space    used 13172K, committed 14080K, reserved 1048576K
}
Event: 5.907 GC heap before
{Heap before GC invocations=21 (full 0):
 garbage-first heap   total 161792K, used 138505K [0x0000000700000000, 0x0000000800000000)
  region size 2048K, 34 young (69632K), 4 survivors (8192K)
 Metaspace       used 92990K, committed 95040K, reserved 1179648K
  class space    used 13716K, committed 14720K, reserved 1048576K
}
Event: 5.909 GC heap after
{Heap after GC invocations=22 (full 0):
 garbage-first heap   total 161792K, used 84026K [0x0000000700000000, 0x0000000800000000)
  region size 2048K, 5 young (10240K), 5 survivors (10240K)
 Metaspace       used 92990K, committed 95040K, reserved 1179648K
  class space    used 13716K, committed 14720K, reserved 1048576K
}

