# JRE version: OpenJDK Runtime Environment Zulu21.42+19-CA (21.0.7+6) (build 21.0.7+6-LTS)
# Java VM: OpenJDK 64-Bit Server VM Zulu21.42+19-CA (21.0.7+6-LTS, mixed mode, sharing, tiered, compressed class ptrs, g1 gc, windows-amd64)
GC Precious Log:
 CardTable entry size: 512
 Card Set container configuration: InlinePtr #cards 4 size 8 Array Of Cards #cards 32 size 80 Howl #buckets 8 coarsen threshold 7372 Howl Bitmap #cards 1024 size 144 coarsen threshold 921 Card regions per heap region 1 cards per card region 8192
 CPUs: 12 total, 12 available
 Memory: 31913M
 Large Page Support: Disabled
 NUMA Support: Disabled
 Compressed Oops: Disabled
 Heap Region Size: 4M
 Heap Min Capacity: 8M
 Heap Initial Capacity: 500M
 Heap Max Capacity: 6G
 Pre-touch: Disabled
 Parallel Workers: 10
 Concurrent Workers: 3
 Concurrent Refinement Workers: 10
 Periodic GC: Disabled
Heap:
 garbage-first heap   total 684032K, used 583550K [0x000001c671800000, 0x000001c7f1800000)
  region size 4096K, 54 young (221184K), 6 survivors (24576K)
 Metaspace       used 139537K, committed 142336K, reserved 1179648K
  class space    used 18965K, committed 20416K, reserved 1048576K
GC Heap History (20 events):
Event: 13.786 GC heap before
{Heap before GC invocations=53 (full 0):
 garbage-first heap   total 528384K, used 452762K [0x000001c671800000, 0x000001c7f1800000)
  region size 4096K, 45 young (184320K), 4 survivors (16384K)
 Metaspace       used 132938K, committed 135744K, reserved 1179648K
  class space    used 18315K, committed 19712K, reserved 1048576K
}
Event: 13.795 GC heap after
{Heap after GC invocations=54 (full 0):
 garbage-first heap   total 528384K, used 314955K [0x000001c671800000, 0x000001c7f1800000)
  region size 4096K, 6 young (24576K), 6 survivors (24576K)
 Metaspace       used 132938K, committed 135744K, reserved 1179648K
  class space    used 18315K, committed 19712K, reserved 1048576K
}
Event: 14.027 GC heap before
{Heap before GC invocations=54 (full 0):
 garbage-first heap   total 528384K, used 462411K [0x000001c671800000, 0x000001c7f1800000)
  region size 4096K, 42 young (172032K), 6 survivors (24576K)
 Metaspace       used 133267K, committed 136064K, reserved 1179648K
  class space    used 18330K, committed 19712K, reserved 1048576K
}
Event: 14.033 GC heap after
{Heap after GC invocations=55 (full 0):
 garbage-first heap   total 528384K, used 331756K [0x000001c671800000, 0x000001c7f1800000)
  region size 4096K, 5 young (20480K), 5 survivors (20480K)
 Metaspace       used 133267K, committed 136064K, reserved 1179648K
  class space    used 18330K, committed 19712K, reserved 1048576K
}
Event: 14.191 GC heap before
{Heap before GC invocations=55 (full 0):
 garbage-first heap   total 528384K, used 466924K [0x000001c671800000, 0x000001c7f1800000)
  region size 4096K, 39 young (159744K), 5 survivors (20480K)
 Metaspace       used 133331K, committed 136128K, reserved 1179648K
  class space    used 18331K, committed 19712K, reserved 1048576K
}
Event: 14.196 GC heap after
{Heap after GC invocations=56 (full 0):
 garbage-first heap   total 528384K, used 338595K [0x000001c671800000, 0x000001c7f1800000)
  region size 4096K, 3 young (12288K), 3 survivors (12288K)
 Metaspace       used 133331K, committed 136128K, reserved 1179648K
  class space    used 18331K, committed 19712K, reserved 1048576K
}
Event: 14.411 GC heap before
{Heap before GC invocations=57 (full 0):
 garbage-first heap   total 569344K, used 473763K [0x000001c671800000, 0x000001c7f1800000)
  region size 4096K, 37 young (151552K), 3 survivors (12288K)
 Metaspace       used 133351K, committed 136128K, reserved 1179648K
  class space    used 18331K, committed 19712K, reserved 1048576K
}
Event: 14.414 GC heap after
{Heap after GC invocations=58 (full 0):
 garbage-first heap   total 569344K, used 341773K [0x000001c671800000, 0x000001c7f1800000)
  region size 4096K, 4 young (16384K), 4 survivors (16384K)
 Metaspace       used 133351K, committed 136128K, reserved 1179648K
  class space    used 18331K, committed 19712K, reserved 1048576K
}
Event: 14.579 GC heap before
{Heap before GC invocations=58 (full 0):
 garbage-first heap   total 569344K, used 513805K [0x000001c671800000, 0x000001c7f1800000)
  region size 4096K, 47 young (192512K), 4 survivors (16384K)
 Metaspace       used 133632K, committed 136448K, reserved 1179648K
  class space    used 18363K, committed 19776K, reserved 1048576K
}
Event: 14.586 GC heap after
{Heap after GC invocations=59 (full 0):
 garbage-first heap   total 684032K, used 344359K [0x000001c671800000, 0x000001c7f1800000)
  region size 4096K, 5 young (20480K), 5 survivors (20480K)
 Metaspace       used 133632K, committed 136448K, reserved 1179648K
  class space    used 18363K, committed 19776K, reserved 1048576K
}
Event: 14.973 GC heap before
{Heap before GC invocations=59 (full 0):
 garbage-first heap   total 684032K, used 614695K [0x000001c671800000, 0x000001c7f1800000)
  region size 4096K, 72 young (294912K), 5 survivors (20480K)
 Metaspace       used 135411K, committed 138176K, reserved 1179648K
  class space    used 18471K, committed 19904K, reserved 1048576K
}
Event: 14.980 GC heap after
{Heap after GC invocations=60 (full 0):
 garbage-first heap   total 684032K, used 358701K [0x000001c671800000, 0x000001c7f1800000)
  region size 4096K, 9 young (36864K), 9 survivors (36864K)
 Metaspace       used 135411K, committed 138176K, reserved 1179648K
  class space    used 18471K, committed 19904K, reserved 1048576K
}
Event: 15.272 GC heap before
{Heap before GC invocations=60 (full 0):
 garbage-first heap   total 684032K, used 600365K [0x000001c671800000, 0x000001c7f1800000)
  region size 4096K, 69 young (282624K), 9 survivors (36864K)
 Metaspace       used 135505K, committed 138304K, reserved 1179648K
  class space    used 18479K, committed 19904K, reserved 1048576K
}
Event: 15.279 GC heap after
{Heap after GC invocations=61 (full 0):
 garbage-first heap   total 684032K, used 372430K [0x000001c671800000, 0x000001c7f1800000)
  region size 4096K, 5 young (20480K), 5 survivors (20480K)
 Metaspace       used 135505K, committed 138304K, reserved 1179648K
  class space    used 18479K, committed 19904K, reserved 1048576K
}
Event: 15.665 GC heap before
{Heap before GC invocations=61 (full 0):
 garbage-first heap   total 684032K, used 618190K [0x000001c671800000, 0x000001c7f1800000)
  region size 4096K, 66 young (270336K), 5 survivors (20480K)
 Metaspace       used 135518K, committed 138304K, reserved 1179648K
  class space    used 18479K, committed 19904K, reserved 1048576K
}
Event: 15.672 GC heap after
{Heap after GC invocations=62 (full 0):
 garbage-first heap   total 684032K, used 382758K [0x000001c671800000, 0x000001c7f1800000)
  region size 4096K, 8 young (32768K), 8 survivors (32768K)
 Metaspace       used 135518K, committed 138304K, reserved 1179648K
  class space    used 18479K, committed 19904K, reserved 1048576K
}
Event: 16.966 GC heap before
{Heap before GC invocations=63 (full 0):
 garbage-first heap   total 684032K, used 608038K [0x000001c671800000, 0x000001c7f1800000)
  region size 4096K, 64 young (262144K), 8 survivors (32768K)
 Metaspace       used 139210K, committed 142080K, reserved 1179648K
  class space    used 18938K, committed 20416K, reserved 1048576K
}
Event: 16.973 GC heap after
{Heap after GC invocations=64 (full 0):
 garbage-first heap   total 684032K, used 392328K [0x000001c671800000, 0x000001c7f1800000)
  region size 4096K, 7 young (28672K), 7 survivors (28672K)
 Metaspace       used 139210K, committed 142080K, reserved 1179648K
  class space    used 18938K, committed 20416K, reserved 1048576K
}
Event: 17.260 GC heap before
{Heap before GC invocations=64 (full 0):
 garbage-first heap   total 684032K, used 613512K [0x000001c671800000, 0x000001c7f1800000)
  region size 4096K, 62 young (253952K), 7 survivors (28672K)
 Metaspace       used 139219K, committed 142080K, reserved 1179648K
  class space    used 18940K, committed 20416K, reserved 1048576K
}
Event: 17.268 GC heap after
{Heap after GC invocations=65 (full 0):
 garbage-first heap   total 684032K, used 395134K [0x000001c671800000, 0x000001c7f1800000)
  region size 4096K, 6 young (24576K), 6 survivors (24576K)
 Metaspace       used 139219K, committed 142080K, reserved 1179648K
  class space    used 18940K, committed 20416K, reserved 1048576K
}

