# JRE version: OpenJDK Runtime Environment (21.0.8) (build 21.0.8+-14196175-b1038.72)
# Java VM: OpenJDK 64-Bit Server VM (21.0.8+-14196175-b1038.72, mixed mode, tiered, compressed oops, compressed class ptrs, g1 gc, windows-amd64)
GC Precious Log:
 CardTable entry size: 512
 Card Set container configuration: InlinePtr #cards 4 size 8 Array Of Cards #cards 32 size 80 Howl #buckets 8 coarsen threshold 7372 Howl Bitmap #cards 1024 size 144 coarsen threshold 921 Card regions per heap region 1 cards per card region 8192
 CPUs: 12 total, 12 available
 Memory: 31913M
 Large Page Support: Disabled
 NUMA Support: Disabled
 Compressed Oops: Enabled (Zero based)
 Heap Region Size: 4M
 Heap Min Capacity: 8M
 Heap Initial Capacity: 500M
 Heap Max Capacity: 7980M
 Pre-touch: Disabled
 Parallel Workers: 10
 Concurrent Workers: 3
 Concurrent Refinement Workers: 10
 Periodic GC: Disabled
Heap:
 garbage-first heap   total 1028096K, used 678557K [0x000000060d400000, 0x0000000800000000)
  region size 4096K, 31 young (126976K), 13 survivors (53248K)
 Metaspace       used 85928K, committed 86272K, reserved 1179648K
  class space    used 8902K, committed 9024K, reserved 1048576K
GC Heap History (20 events):
Event: 12.384 GC heap before
{Heap before GC invocations=29 (full 0):
 garbage-first heap   total 724992K, used 638232K [0x000000060d400000, 0x0000000800000000)
  region size 4096K, 60 young (245760K), 8 survivors (32768K)
 Metaspace       used 71400K, committed 71680K, reserved 1114112K
  class space    used 7817K, committed 7936K, reserved 1048576K
}
Event: 12.399 GC heap after
{Heap after GC invocations=30 (full 0):
 garbage-first heap   total 724992K, used 448711K [0x000000060d400000, 0x0000000800000000)
  region size 4096K, 7 young (28672K), 7 survivors (28672K)
 Metaspace       used 71400K, committed 71680K, reserved 1114112K
  class space    used 7817K, committed 7936K, reserved 1048576K
}
Event: 13.371 GC heap before
{Heap before GC invocations=30 (full 0):
 garbage-first heap   total 724992K, used 645319K [0x000000060d400000, 0x0000000800000000)
  region size 4096K, 55 young (225280K), 7 survivors (28672K)
 Metaspace       used 71653K, committed 72000K, reserved 1114112K
  class space    used 7825K, committed 8000K, reserved 1048576K
}
Event: 13.380 GC heap after
{Heap after GC invocations=31 (full 0):
 garbage-first heap   total 724992K, used 465088K [0x000000060d400000, 0x0000000800000000)
  region size 4096K, 4 young (16384K), 4 survivors (16384K)
 Metaspace       used 71653K, committed 72000K, reserved 1114112K
  class space    used 7825K, committed 8000K, reserved 1048576K
}
Event: 14.126 GC heap before
{Heap before GC invocations=32 (full 0):
 garbage-first heap   total 778240K, used 657600K [0x000000060d400000, 0x0000000800000000)
  region size 4096K, 51 young (208896K), 4 survivors (16384K)
 Metaspace       used 71793K, committed 72128K, reserved 1114112K
  class space    used 7830K, committed 8000K, reserved 1048576K
}
Event: 14.132 GC heap after
{Heap after GC invocations=33 (full 0):
 garbage-first heap   total 778240K, used 476572K [0x000000060d400000, 0x0000000800000000)
  region size 4096K, 7 young (28672K), 7 survivors (28672K)
 Metaspace       used 71793K, committed 72128K, reserved 1114112K
  class space    used 7830K, committed 8000K, reserved 1048576K
}
Event: 14.900 GC heap before
{Heap before GC invocations=33 (full 0):
 garbage-first heap   total 778240K, used 705948K [0x000000060d400000, 0x0000000800000000)
  region size 4096K, 63 young (258048K), 7 survivors (28672K)
 Metaspace       used 72089K, committed 72384K, reserved 1114112K
  class space    used 7837K, committed 8000K, reserved 1048576K
}
Event: 14.913 GC heap after
{Heap after GC invocations=34 (full 0):
 garbage-first heap   total 778240K, used 490879K [0x000000060d400000, 0x0000000800000000)
  region size 4096K, 8 young (32768K), 8 survivors (32768K)
 Metaspace       used 72089K, committed 72384K, reserved 1114112K
  class space    used 7837K, committed 8000K, reserved 1048576K
}
Event: 15.487 GC heap before
{Heap before GC invocations=34 (full 0):
 garbage-first heap   total 778240K, used 703871K [0x000000060d400000, 0x0000000800000000)
  region size 4096K, 60 young (245760K), 8 survivors (32768K)
 Metaspace       used 72346K, committed 72640K, reserved 1114112K
  class space    used 7841K, committed 8000K, reserved 1048576K
}
Event: 15.499 GC heap after
{Heap after GC invocations=35 (full 0):
 garbage-first heap   total 778240K, used 510945K [0x000000060d400000, 0x0000000800000000)
  region size 4096K, 5 young (20480K), 5 survivors (20480K)
 Metaspace       used 72346K, committed 72640K, reserved 1114112K
  class space    used 7841K, committed 8000K, reserved 1048576K
}
Event: 16.222 GC heap before
{Heap before GC invocations=36 (full 0):
 garbage-first heap   total 856064K, used 711649K [0x000000060d400000, 0x0000000800000000)
  region size 4096K, 54 young (221184K), 5 survivors (20480K)
 Metaspace       used 72434K, committed 72704K, reserved 1114112K
  class space    used 7842K, committed 8000K, reserved 1048576K
}
Event: 16.231 GC heap after
{Heap after GC invocations=37 (full 0):
 garbage-first heap   total 856064K, used 523200K [0x000000060d400000, 0x0000000800000000)
  region size 4096K, 4 young (16384K), 4 survivors (16384K)
 Metaspace       used 72434K, committed 72704K, reserved 1114112K
  class space    used 7842K, committed 8000K, reserved 1048576K
}
Event: 16.812 GC heap before
{Heap before GC invocations=37 (full 0):
 garbage-first heap   total 856064K, used 785344K [0x000000060d400000, 0x0000000800000000)
  region size 4096K, 68 young (278528K), 4 survivors (16384K)
 Metaspace       used 72501K, committed 72768K, reserved 1114112K
  class space    used 7843K, committed 8000K, reserved 1048576K
}
Event: 16.822 GC heap after
{Heap after GC invocations=38 (full 0):
 garbage-first heap   total 856064K, used 535308K [0x000000060d400000, 0x0000000800000000)
  region size 4096K, 8 young (32768K), 8 survivors (32768K)
 Metaspace       used 72501K, committed 72768K, reserved 1114112K
  class space    used 7843K, committed 8000K, reserved 1048576K
}
Event: 18.774 GC heap before
{Heap before GC invocations=38 (full 0):
 garbage-first heap   total 856064K, used 772876K [0x000000060d400000, 0x0000000800000000)
  region size 4096K, 66 young (270336K), 8 survivors (32768K)
 Metaspace       used 77362K, committed 77696K, reserved 1179648K
  class space    used 8210K, committed 8320K, reserved 1048576K
}
Event: 18.786 GC heap after
{Heap after GC invocations=39 (full 0):
 garbage-first heap   total 1028096K, used 554072K [0x000000060d400000, 0x0000000800000000)
  region size 4096K, 9 young (36864K), 9 survivors (36864K)
 Metaspace       used 77362K, committed 77696K, reserved 1179648K
  class space    used 8210K, committed 8320K, reserved 1048576K
}
Event: 21.234 GC heap before
{Heap before GC invocations=40 (full 0):
 garbage-first heap   total 1028096K, used 930904K [0x000000060d400000, 0x0000000800000000)
  region size 4096K, 101 young (413696K), 9 survivors (36864K)
 Metaspace       used 78491K, committed 78848K, reserved 1179648K
  class space    used 8277K, committed 8448K, reserved 1048576K
}
Event: 21.246 GC heap after
{Heap after GC invocations=41 (full 0):
 garbage-first heap   total 1028096K, used 561854K [0x000000060d400000, 0x0000000800000000)
  region size 4096K, 7 young (28672K), 7 survivors (28672K)
 Metaspace       used 78491K, committed 78848K, reserved 1179648K
  class space    used 8277K, committed 8448K, reserved 1048576K
}
Event: 22.782 GC heap before
{Heap before GC invocations=41 (full 0):
 garbage-first heap   total 1028096K, used 889534K [0x000000060d400000, 0x0000000800000000)
  region size 4096K, 88 young (360448K), 7 survivors (28672K)
 Metaspace       used 85117K, committed 85440K, reserved 1179648K
  class space    used 8833K, committed 8960K, reserved 1048576K
}
Event: 22.805 GC heap after
{Heap after GC invocations=42 (full 0):
 garbage-first heap   total 1028096K, used 608925K [0x000000060d400000, 0x0000000800000000)
  region size 4096K, 13 young (53248K), 13 survivors (53248K)
 Metaspace       used 85117K, committed 85440K, reserved 1179648K
  class space    used 8833K, committed 8960K, reserved 1048576K
}

