# JRE version: OpenJDK Runtime Environment Zulu21.42+19-CA (21.0.7+6) (build 21.0.7+6-LTS)
# Java VM: OpenJDK 64-Bit Server VM Zulu21.42+19-CA (21.0.7+6-LTS, mixed mode, sharing, tiered, compressed oops, compressed class ptrs, g1 gc, windows-amd64)
GC Precious Log:
 CardTable entry size: 512
 Card Set container configuration: InlinePtr #cards 4 size 8 Array Of Cards #cards 32 size 80 Howl #buckets 8 coarsen threshold 7372 Howl Bitmap #cards 1024 size 144 coarsen threshold 921 Card regions per heap region 1 cards per card region 8192
 CPUs: 12 total, 12 available
 Memory: 31913M
 Large Page Support: Disabled
 NUMA Support: Disabled
 Compressed Oops: Enabled (Non-zero disjoint base)
 Heap Region Size: 4M
 Heap Min Capacity: 8M
 Heap Initial Capacity: 500M
 Heap Max Capacity: 6G
 Pre-touch: Disabled
 Parallel Workers: 10
 Concurrent Workers: 3
 Concurrent Refinement Workers: 10
 Periodic GC: Disabled
Heap:
 garbage-first heap   total 630784K, used 471541K [0x0000000800400000, 0x0000000980400000)
  region size 4096K, 20 young (81920K), 7 survivors (28672K)
 Metaspace       used 158947K, committed 161984K, reserved 1245184K
  class space    used 21564K, committed 23040K, reserved 1048576K
GC Heap History (20 events):
Event: 15.893 GC heap before
{Heap before GC invocations=60 (full 0):
 garbage-first heap   total 520192K, used 464385K [0x0000000800400000, 0x0000000980400000)
  region size 4096K, 51 young (208896K), 4 survivors (16384K)
 Metaspace       used 135515K, committed 138176K, reserved 1179648K
  class space    used 18492K, committed 19840K, reserved 1048576K
}
Event: 15.897 GC heap after
{Heap after GC invocations=61 (full 0):
 garbage-first heap   total 520192K, used 281991K [0x0000000800400000, 0x0000000980400000)
  region size 4096K, 6 young (24576K), 6 survivors (24576K)
 Metaspace       used 135515K, committed 138176K, reserved 1179648K
  class space    used 18492K, committed 19840K, reserved 1048576K
}
Event: 17.305 GC heap before
{Heap before GC invocations=62 (full 0):
 garbage-first heap   total 520192K, used 458119K [0x0000000800400000, 0x0000000980400000)
  region size 4096K, 50 young (204800K), 6 survivors (24576K)
 Metaspace       used 137698K, committed 140352K, reserved 1179648K
  class space    used 18746K, committed 20096K, reserved 1048576K
}
Event: 17.312 GC heap after
{Heap after GC invocations=63 (full 0):
 garbage-first heap   total 520192K, used 294388K [0x0000000800400000, 0x0000000980400000)
  region size 4096K, 6 young (24576K), 6 survivors (24576K)
 Metaspace       used 137698K, committed 140352K, reserved 1179648K
  class space    used 18746K, committed 20096K, reserved 1048576K
}
Event: 17.580 GC heap before
{Heap before GC invocations=63 (full 0):
 garbage-first heap   total 520192K, used 462324K [0x0000000800400000, 0x0000000980400000)
  region size 4096K, 48 young (196608K), 6 survivors (24576K)
 Metaspace       used 139219K, committed 142016K, reserved 1179648K
  class space    used 18952K, committed 20416K, reserved 1048576K
}
Event: 17.588 GC heap after
{Heap after GC invocations=64 (full 0):
 garbage-first heap   total 520192K, used 296670K [0x0000000800400000, 0x0000000980400000)
  region size 4096K, 3 young (12288K), 3 survivors (12288K)
 Metaspace       used 139219K, committed 142016K, reserved 1179648K
  class space    used 18952K, committed 20416K, reserved 1048576K
}
Event: 17.939 GC heap before
{Heap before GC invocations=64 (full 0):
 garbage-first heap   total 520192K, used 472798K [0x0000000800400000, 0x0000000980400000)
  region size 4096K, 47 young (192512K), 3 survivors (12288K)
 Metaspace       used 139229K, committed 142016K, reserved 1179648K
  class space    used 18954K, committed 20416K, reserved 1048576K
}
Event: 17.944 GC heap after
{Heap after GC invocations=65 (full 0):
 garbage-first heap   total 626688K, used 300963K [0x0000000800400000, 0x0000000980400000)
  region size 4096K, 4 young (16384K), 4 survivors (16384K)
 Metaspace       used 139229K, committed 142016K, reserved 1179648K
  class space    used 18954K, committed 20416K, reserved 1048576K
}
Event: 24.424 GC heap before
{Heap before GC invocations=66 (full 0):
 garbage-first heap   total 626688K, used 559011K [0x0000000800400000, 0x0000000980400000)
  region size 4096K, 67 young (274432K), 4 survivors (16384K)
 Metaspace       used 140138K, committed 142912K, reserved 1179648K
  class space    used 19062K, committed 20480K, reserved 1048576K
}
Event: 24.433 GC heap after
{Heap after GC invocations=67 (full 0):
 garbage-first heap   total 626688K, used 321573K [0x0000000800400000, 0x0000000980400000)
  region size 4096K, 9 young (36864K), 9 survivors (36864K)
 Metaspace       used 140138K, committed 142912K, reserved 1179648K
  class space    used 19062K, committed 20480K, reserved 1048576K
}
Event: 26.170 GC heap before
{Heap before GC invocations=67 (full 0):
 garbage-first heap   total 626688K, used 546853K [0x0000000800400000, 0x0000000980400000)
  region size 4096K, 65 young (266240K), 9 survivors (36864K)
 Metaspace       used 148583K, committed 151424K, reserved 1179648K
  class space    used 20060K, committed 21504K, reserved 1048576K
}
Event: 26.185 GC heap after
{Heap after GC invocations=68 (full 0):
 garbage-first heap   total 630784K, used 346688K [0x0000000800400000, 0x0000000980400000)
  region size 4096K, 8 young (32768K), 8 survivors (32768K)
 Metaspace       used 148583K, committed 151424K, reserved 1179648K
  class space    used 20060K, committed 21504K, reserved 1048576K
}
Event: 26.259 GC heap before
{Heap before GC invocations=68 (full 0):
 garbage-first heap   total 630784K, used 367168K [0x0000000800400000, 0x0000000980400000)
  region size 4096K, 15 young (61440K), 8 survivors (32768K)
 Metaspace       used 148737K, committed 151552K, reserved 1179648K
  class space    used 20075K, committed 21504K, reserved 1048576K
}
Event: 26.263 GC heap after
{Heap after GC invocations=69 (full 0):
 garbage-first heap   total 630784K, used 338907K [0x0000000800400000, 0x0000000980400000)
  region size 4096K, 2 young (8192K), 2 survivors (8192K)
 Metaspace       used 148737K, committed 151552K, reserved 1179648K
  class space    used 20075K, committed 21504K, reserved 1048576K
}
Event: 26.580 GC heap before
{Heap before GC invocations=70 (full 0):
 garbage-first heap   total 630784K, used 588763K [0x0000000800400000, 0x0000000980400000)
  region size 4096K, 59 young (241664K), 2 survivors (8192K)
 Metaspace       used 149723K, committed 152576K, reserved 1179648K
  class space    used 20223K, committed 21696K, reserved 1048576K
}
Event: 26.583 GC heap after
{Heap after GC invocations=71 (full 0):
 garbage-first heap   total 630784K, used 360645K [0x0000000800400000, 0x0000000980400000)
  region size 4096K, 7 young (28672K), 7 survivors (28672K)
 Metaspace       used 149723K, committed 152576K, reserved 1179648K
  class space    used 20223K, committed 21696K, reserved 1048576K
}
Event: 27.277 GC heap before
{Heap before GC invocations=71 (full 0):
 garbage-first heap   total 630784K, used 561349K [0x0000000800400000, 0x0000000980400000)
  region size 4096K, 56 young (229376K), 7 survivors (28672K)
 Metaspace       used 155518K, committed 158336K, reserved 1245184K
  class space    used 21060K, committed 22528K, reserved 1048576K
}
Event: 27.289 GC heap after
{Heap after GC invocations=72 (full 0):
 garbage-first heap   total 630784K, used 385600K [0x0000000800400000, 0x0000000980400000)
  region size 4096K, 7 young (28672K), 7 survivors (28672K)
 Metaspace       used 155518K, committed 158336K, reserved 1245184K
  class space    used 21060K, committed 22528K, reserved 1048576K
}
Event: 27.580 GC heap before
{Heap before GC invocations=72 (full 0):
 garbage-first heap   total 630784K, used 561728K [0x0000000800400000, 0x0000000980400000)
  region size 4096K, 50 young (204800K), 7 survivors (28672K)
 Metaspace       used 157068K, committed 160000K, reserved 1245184K
  class space    used 21297K, committed 22784K, reserved 1048576K
}
Event: 27.595 GC heap after
{Heap after GC invocations=73 (full 0):
 garbage-first heap   total 630784K, used 422389K [0x0000000800400000, 0x0000000980400000)
  region size 4096K, 7 young (28672K), 7 survivors (28672K)
 Metaspace       used 157068K, committed 160000K, reserved 1245184K
  class space    used 21297K, committed 22784K, reserved 1048576K
}

